<?xml version="1.0" encoding="UTF-8"?>
<testng-results ignored="0" total="2" passed="2" failed="0" skipped="0">
  <reporter-output>
  </reporter-output>
  <suite started-at="2021-09-05T22:06:07 GMT-07:00" name="Command line suite" finished-at="2021-09-05T22:07:25 GMT-07:00" duration-ms="77813">
    <groups>
    </groups>
    <test started-at="2021-09-05T22:06:07 GMT-07:00" name="Command line test" finished-at="2021-09-05T22:07:25 GMT-07:00" duration-ms="77813">
      <class name="practice.CreateContactVtiger_MavenTest">
        <test-method signature="contactTest()[pri:0, instance:practice.CreateContactVtiger_MavenTest@49e202ad]" started-at="2021-09-05T22:06:07 GMT-07:00" name="contactTest" finished-at="2021-09-05T22:06:49 GMT-07:00" duration-ms="41435" status="PASS">
          <reporter-output>
          </reporter-output>
        </test-method> <!-- contactTest -->
      </class> <!-- practice.CreateContactVtiger_MavenTest -->
      <class name="practice.Sample_MavenParameterTest">
        <test-method signature="sample()[pri:0, instance:practice.Sample_MavenParameterTest@59717824]" started-at="2021-09-05T22:06:49 GMT-07:00" name="sample" finished-at="2021-09-05T22:07:25 GMT-07:00" duration-ms="36286" status="PASS">
          <reporter-output>
          </reporter-output>
        </test-method> <!-- sample -->
      </class> <!-- practice.Sample_MavenParameterTest -->
    </test> <!-- Command line test -->
  </suite> <!-- Command line suite -->
</testng-results>
